[debug] [2022-11-09T15:48:49.874Z] ----------------------------------------------------------------------
[debug] [2022-11-09T15:48:49.878Z] Command:       C:\Program Files\nodejs\node.exe C:\Users\Newron School\AppData\Roaming\npm\node_modules\firebase-tools\lib\bin\firebase.js deploy
[debug] [2022-11-09T15:48:49.879Z] CLI Version:   11.16.0
[debug] [2022-11-09T15:48:49.880Z] Platform:      win32
[debug] [2022-11-09T15:48:49.880Z] Node Version:  v16.15.1
[debug] [2022-11-09T15:48:49.882Z] Time:          Wed Nov 09 2022 21:48:49 GMT+0600 (Bangladesh Standard Time)
[debug] [2022-11-09T15:48:49.882Z] ----------------------------------------------------------------------
[debug] 
[debug] [2022-11-09T15:48:50.054Z] > command requires scopes: ["email","openid","https://www.googleapis.com/auth/cloudplatformprojects.readonly","https://www.googleapis.com/auth/firebase","https://www.googleapis.com/auth/cloud-platform"]
[debug] [2022-11-09T15:48:50.055Z] > authorizing via signed-in user (mdismail645221@gmail.com)
[debug] [2022-11-09T15:48:50.055Z] [iam] checking project yummy-kitchen-5875e for permissions ["firebase.projects.get","firebasehosting.sites.update"]
[debug] [2022-11-09T15:48:50.060Z] >>> [apiv2][query] POST https://cloudresourcemanager.googleapis.com/v1/projects/yummy-kitchen-5875e:testIamPermissions [none]
[debug] [2022-11-09T15:48:50.061Z] >>> [apiv2][(partial)header] POST https://cloudresourcemanager.googleapis.com/v1/projects/yummy-kitchen-5875e:testIamPermissions x-goog-quota-user=projects/yummy-kitchen-5875e
[debug] [2022-11-09T15:48:50.061Z] >>> [apiv2][body] POST https://cloudresourcemanager.googleapis.com/v1/projects/yummy-kitchen-5875e:testIamPermissions {"permissions":["firebase.projects.get","firebasehosting.sites.update"]}
[debug] [2022-11-09T15:48:53.204Z] <<< [apiv2][status] POST https://cloudresourcemanager.googleapis.com/v1/projects/yummy-kitchen-5875e:testIamPermissions 200
[debug] [2022-11-09T15:48:53.205Z] <<< [apiv2][body] POST https://cloudresourcemanager.googleapis.com/v1/projects/yummy-kitchen-5875e:testIamPermissions {"permissions":["firebase.projects.get","firebasehosting.sites.update"]}
[debug] [2022-11-09T15:48:53.207Z] >>> [apiv2][query] GET https://firebase.googleapis.com/v1beta1/projects/yummy-kitchen-5875e [none]
[debug] [2022-11-09T15:48:53.661Z] <<< [apiv2][status] GET https://firebase.googleapis.com/v1beta1/projects/yummy-kitchen-5875e 200
[debug] [2022-11-09T15:48:53.662Z] <<< [apiv2][body] GET https://firebase.googleapis.com/v1beta1/projects/yummy-kitchen-5875e {"projectId":"yummy-kitchen-5875e","projectNumber":"739127209657","displayName":"yummy-kitchen","name":"projects/yummy-kitchen-5875e","resources":{"hostingSite":"yummy-kitchen-5875e"},"state":"ACTIVE","etag":"1_2cd4f34b-b923-4405-ae6b-4b16253b22e6"}
[info] 
[info] === Deploying to 'yummy-kitchen-5875e'...
[info] 
[info] i  deploying hosting 
[debug] [2022-11-09T15:48:53.677Z] >>> [apiv2][query] POST https://firebasehosting.googleapis.com/v1beta1/projects/-/sites/yummy-kitchen-5875e/versions [none]
[debug] [2022-11-09T15:48:53.678Z] >>> [apiv2][body] POST https://firebasehosting.googleapis.com/v1beta1/projects/-/sites/yummy-kitchen-5875e/versions {"status":"CREATED","labels":{"deployment-tool":"cli-firebase"}}
[debug] [2022-11-09T15:48:55.271Z] <<< [apiv2][status] POST https://firebasehosting.googleapis.com/v1beta1/projects/-/sites/yummy-kitchen-5875e/versions 200
[debug] [2022-11-09T15:48:55.271Z] <<< [apiv2][body] POST https://firebasehosting.googleapis.com/v1beta1/projects/-/sites/yummy-kitchen-5875e/versions {"name":"projects/739127209657/sites/yummy-kitchen-5875e/versions/d0e528a646fee221","status":"CREATED","config":{},"labels":{"deployment-tool":"cli-firebase"}}
[info] i  hosting[yummy-kitchen-5875e]: beginning deploy... 
[info] i  hosting[yummy-kitchen-5875e]: found 24 files in build 
[debug] [2022-11-09T15:48:56.061Z] [hosting] uploading with 200 concurrency
[debug] [2022-11-09T15:48:56.064Z] [hosting] hash cache [YnVpbGQ] not populated
[debug] [2022-11-09T15:48:56.549Z] [hosting] hash cache [YnVpbGQ] stored for 24 files
[debug] [2022-11-09T15:48:56.550Z] [hosting][hash queue][FINAL] {"max":468,"min":53,"avg":136.66666666666669,"active":0,"complete":24,"success":24,"errored":0,"retried":0,"total":24,"elapsed":483}
[debug] [2022-11-09T15:48:56.553Z] >>> [apiv2][query] POST https://firebasehosting.googleapis.com/v1beta1/projects/739127209657/sites/yummy-kitchen-5875e/versions/d0e528a646fee221:populateFiles [none]
[debug] [2022-11-09T15:48:56.553Z] >>> [apiv2][body] POST https://firebasehosting.googleapis.com/v1beta1/projects/739127209657/sites/yummy-kitchen-5875e/versions/d0e528a646fee221:populateFiles {"files":{"/asset-manifest.json":"13d5043fa56d6b246f140d467c866e0b0aff10ef7c13abbe0d137105412bd9cd","/index.html":"d6ce103d91f825c2679e19b7e02d147297b86c913cfa911b0ec54fa410104a6b","/manifest.json":"5c997de1364b8be939319fa9209abd77f2caf7f8844999a9e2e9173f844e7840","/robots.txt":"b2090cf9761ef60aa06e4fab97679bd43dfa5e5df073701ead5879d7c68f1ec5","/static/js/787.9ebdd4f8.chunk.js":"ce31e7d5acbe4af5018bfa0ef84fd0ede14776334a34c7da38cbc6681b0040c0","/static/js/787.9ebdd4f8.chunk.js.map":"ff3d53adb24027b7732b6a5f18f93c10162cdf0b521bf7b29d34a0d474c4e8ae","/favicon.ico":"8187ea60d47b87ad16015ebfc5a7ea2bf838eebd8595c28c1a2dd79a24d5c804","/logo192.png":"3ee59515172ee198f3be375979df15ac5345183e656720a381b8872b2a39dc8b","/logo512.png":"ee7e2f3fdb8209c4b6fd7bef6ba50d1b9dba30a25bb5c3126df057e1cb6f5331","/static/css/main.f37a41c9.css.map":"132ec90f5130dade659b1305d54b48d9e90ef2d12cf027996fdfa3b7dc368933","/static/js/main.9fbbfb04.js.LICENSE.txt":"29fba471d481398619ffd50250e8431add61c7c8208f77fc9b05cd1bf9708876","/static/media/favicon.f0930017672e7810d53d.ico":"8187ea60d47b87ad16015ebfc5a7ea2bf838eebd8595c28c1a2dd79a24d5c804","/static/media/logo.6ce24c58023cc2f8fd88fe9d219db6c6.svg":"ac1a3d8899432561573d6a5cf56459437c09b902599a1deb91c0f8d4bb40459d","/static/css/main.f37a41c9.css":"ea3f29eac1f720973e699e39040f7741bdeec3ca8fa9ec5192b49e41157e78b8","/static/media/aboutLogo.571fea18625bcad2b433.png":"57b9fd8ab61ca5c00b941c1dc12d08815a56799316a654eb22ee477f9f5afa2f","/static/media/banner2.881a6af9baeeb3fc1651.jpg":"12336300874ddad3803a915c96799b3715590c42d928d52b9e884b94d3191b4f","/static/media/puliPitha.c573f60de9921b1aa007.png":"0c3c5f3612201aa830230d2263e07c2a3956045bfeab6987f278ec29eba00f98","/static/js/main.9fbbfb04.js":"23ac4d44f4dee9dc9d91eac51a42c69c6781a1050fa73f7c1a9a98386a4ebd63","/static/media/chitoi pitha.fbb18d4aff9cbb96925f.png":"6e9b5c04d153df251a4ae1765aedd088a6379f696e4d9e84e974132345dc64de","/static/media/tomato copy.1f4db7ee96d0b0ce0368.png":"4ed794d19154030e26afc5de22ae9daeaf1284d075a631cb630d49f65e65af2e","/static/media/vegitables.50a9d2a9ab26369f6c60.png":"ef597bc1165f0367830f1920b88bc09726be43be37d8fbee96ef5d6f4aaf58d9","/static/media/humble pitha.074c9f7383a81c9dbbb7.png":"5d6da0ac6ac9bd99220b728d3d7b312d4de6ae07bca4c7af292082a96984d89b","/static/media/rgBanner.0389760fbc0499cfe079.jpg":"99f1922fbb459c0d13173f4a0f0a36cb744adf3162a0f20336ad6424d8631971","/static/js/main.9fbbfb04.js.map":"8ce2f8df6f1d7746355de2095a59ed14b713d40d22d2519a13ab27fb819500de"}}
[debug] [2022-11-09T15:48:57.785Z] <<< [apiv2][status] POST https://firebasehosting.googleapis.com/v1beta1/projects/739127209657/sites/yummy-kitchen-5875e/versions/d0e528a646fee221:populateFiles 200
[debug] [2022-11-09T15:48:57.786Z] <<< [apiv2][body] POST https://firebasehosting.googleapis.com/v1beta1/projects/739127209657/sites/yummy-kitchen-5875e/versions/d0e528a646fee221:populateFiles {"uploadRequiredHashes":["132ec90f5130dade659b1305d54b48d9e90ef2d12cf027996fdfa3b7dc368933","d6ce103d91f825c2679e19b7e02d147297b86c913cfa911b0ec54fa410104a6b","8ce2f8df6f1d7746355de2095a59ed14b713d40d22d2519a13ab27fb819500de","ea3f29eac1f720973e699e39040f7741bdeec3ca8fa9ec5192b49e41157e78b8","23ac4d44f4dee9dc9d91eac51a42c69c6781a1050fa73f7c1a9a98386a4ebd63","13d5043fa56d6b246f140d467c866e0b0aff10ef7c13abbe0d137105412bd9cd"],"uploadUrl":"https://upload-firebasehosting.googleapis.com/upload/sites/yummy-kitchen-5875e/versions/d0e528a646fee221/files"}
[debug] [2022-11-09T15:48:57.788Z] >>> [apiv2][query] POST https://upload-firebasehosting.googleapis.com/upload/sites/yummy-kitchen-5875e/versions/d0e528a646fee221/files/132ec90f5130dade659b1305d54b48d9e90ef2d12cf027996fdfa3b7dc368933 [none]
[debug] [2022-11-09T15:48:57.788Z] >>> [apiv2][body] POST https://upload-firebasehosting.googleapis.com/upload/sites/yummy-kitchen-5875e/versions/d0e528a646fee221/files/132ec90f5130dade659b1305d54b48d9e90ef2d12cf027996fdfa3b7dc368933 [stream]
[debug] [2022-11-09T15:48:57.790Z] >>> [apiv2][query] POST https://upload-firebasehosting.googleapis.com/upload/sites/yummy-kitchen-5875e/versions/d0e528a646fee221/files/d6ce103d91f825c2679e19b7e02d147297b86c913cfa911b0ec54fa410104a6b [none]
[debug] [2022-11-09T15:48:57.790Z] >>> [apiv2][body] POST https://upload-firebasehosting.googleapis.com/upload/sites/yummy-kitchen-5875e/versions/d0e528a646fee221/files/d6ce103d91f825c2679e19b7e02d147297b86c913cfa911b0ec54fa410104a6b [stream]
[debug] [2022-11-09T15:48:57.792Z] >>> [apiv2][query] POST https://upload-firebasehosting.googleapis.com/upload/sites/yummy-kitchen-5875e/versions/d0e528a646fee221/files/8ce2f8df6f1d7746355de2095a59ed14b713d40d22d2519a13ab27fb819500de [none]
[debug] [2022-11-09T15:48:57.792Z] >>> [apiv2][body] POST https://upload-firebasehosting.googleapis.com/upload/sites/yummy-kitchen-5875e/versions/d0e528a646fee221/files/8ce2f8df6f1d7746355de2095a59ed14b713d40d22d2519a13ab27fb819500de [stream]
[debug] [2022-11-09T15:48:57.794Z] >>> [apiv2][query] POST https://upload-firebasehosting.googleapis.com/upload/sites/yummy-kitchen-5875e/versions/d0e528a646fee221/files/ea3f29eac1f720973e699e39040f7741bdeec3ca8fa9ec5192b49e41157e78b8 [none]
[debug] [2022-11-09T15:48:57.794Z] >>> [apiv2][body] POST https://upload-firebasehosting.googleapis.com/upload/sites/yummy-kitchen-5875e/versions/d0e528a646fee221/files/ea3f29eac1f720973e699e39040f7741bdeec3ca8fa9ec5192b49e41157e78b8 [stream]
[debug] [2022-11-09T15:48:57.796Z] >>> [apiv2][query] POST https://upload-firebasehosting.googleapis.com/upload/sites/yummy-kitchen-5875e/versions/d0e528a646fee221/files/23ac4d44f4dee9dc9d91eac51a42c69c6781a1050fa73f7c1a9a98386a4ebd63 [none]
[debug] [2022-11-09T15:48:57.797Z] >>> [apiv2][body] POST https://upload-firebasehosting.googleapis.com/upload/sites/yummy-kitchen-5875e/versions/d0e528a646fee221/files/23ac4d44f4dee9dc9d91eac51a42c69c6781a1050fa73f7c1a9a98386a4ebd63 [stream]
[debug] [2022-11-09T15:48:57.799Z] >>> [apiv2][query] POST https://upload-firebasehosting.googleapis.com/upload/sites/yummy-kitchen-5875e/versions/d0e528a646fee221/files/13d5043fa56d6b246f140d467c866e0b0aff10ef7c13abbe0d137105412bd9cd [none]
[debug] [2022-11-09T15:48:57.800Z] >>> [apiv2][body] POST https://upload-firebasehosting.googleapis.com/upload/sites/yummy-kitchen-5875e/versions/d0e528a646fee221/files/13d5043fa56d6b246f140d467c866e0b0aff10ef7c13abbe0d137105412bd9cd [stream]
[debug] [2022-11-09T15:48:57.802Z] [hosting][populate queue][FINAL] {"max":1242,"min":1242,"avg":1242,"active":0,"complete":1,"success":1,"errored":0,"retried":0,"total":1,"elapsed":1257}
[debug] [2022-11-09T15:48:57.802Z] [hosting] uploads queued: 6
[debug] [2022-11-09T15:49:00.694Z] <<< [apiv2][status] POST https://upload-firebasehosting.googleapis.com/upload/sites/yummy-kitchen-5875e/versions/d0e528a646fee221/files/132ec90f5130dade659b1305d54b48d9e90ef2d12cf027996fdfa3b7dc368933 200
[debug] [2022-11-09T15:49:00.694Z] <<< [apiv2][body] POST https://upload-firebasehosting.googleapis.com/upload/sites/yummy-kitchen-5875e/versions/d0e528a646fee221/files/132ec90f5130dade659b1305d54b48d9e90ef2d12cf027996fdfa3b7dc368933 [stream]
[debug] [2022-11-09T15:49:01.138Z] <<< [apiv2][status] POST https://upload-firebasehosting.googleapis.com/upload/sites/yummy-kitchen-5875e/versions/d0e528a646fee221/files/d6ce103d91f825c2679e19b7e02d147297b86c913cfa911b0ec54fa410104a6b 200
[debug] [2022-11-09T15:49:01.138Z] <<< [apiv2][body] POST https://upload-firebasehosting.googleapis.com/upload/sites/yummy-kitchen-5875e/versions/d0e528a646fee221/files/d6ce103d91f825c2679e19b7e02d147297b86c913cfa911b0ec54fa410104a6b [stream]
[debug] [2022-11-09T15:49:01.174Z] <<< [apiv2][status] POST https://upload-firebasehosting.googleapis.com/upload/sites/yummy-kitchen-5875e/versions/d0e528a646fee221/files/13d5043fa56d6b246f140d467c866e0b0aff10ef7c13abbe0d137105412bd9cd 200
[debug] [2022-11-09T15:49:01.174Z] <<< [apiv2][body] POST https://upload-firebasehosting.googleapis.com/upload/sites/yummy-kitchen-5875e/versions/d0e528a646fee221/files/13d5043fa56d6b246f140d467c866e0b0aff10ef7c13abbe0d137105412bd9cd [stream]
[debug] [2022-11-09T15:49:01.224Z] <<< [apiv2][status] POST https://upload-firebasehosting.googleapis.com/upload/sites/yummy-kitchen-5875e/versions/d0e528a646fee221/files/ea3f29eac1f720973e699e39040f7741bdeec3ca8fa9ec5192b49e41157e78b8 200
[debug] [2022-11-09T15:49:01.225Z] <<< [apiv2][body] POST https://upload-firebasehosting.googleapis.com/upload/sites/yummy-kitchen-5875e/versions/d0e528a646fee221/files/ea3f29eac1f720973e699e39040f7741bdeec3ca8fa9ec5192b49e41157e78b8 [stream]
[debug] [2022-11-09T15:49:05.569Z] <<< [apiv2][status] POST https://upload-firebasehosting.googleapis.com/upload/sites/yummy-kitchen-5875e/versions/d0e528a646fee221/files/23ac4d44f4dee9dc9d91eac51a42c69c6781a1050fa73f7c1a9a98386a4ebd63 200
[debug] [2022-11-09T15:49:05.570Z] <<< [apiv2][body] POST https://upload-firebasehosting.googleapis.com/upload/sites/yummy-kitchen-5875e/versions/d0e528a646fee221/files/23ac4d44f4dee9dc9d91eac51a42c69c6781a1050fa73f7c1a9a98386a4ebd63 [stream]
[debug] [2022-11-09T15:49:05.711Z] <<< [apiv2][status] POST https://upload-firebasehosting.googleapis.com/upload/sites/yummy-kitchen-5875e/versions/d0e528a646fee221/files/8ce2f8df6f1d7746355de2095a59ed14b713d40d22d2519a13ab27fb819500de 200
[debug] [2022-11-09T15:49:05.711Z] <<< [apiv2][body] POST https://upload-firebasehosting.googleapis.com/upload/sites/yummy-kitchen-5875e/versions/d0e528a646fee221/files/8ce2f8df6f1d7746355de2095a59ed14b713d40d22d2519a13ab27fb819500de [stream]
[debug] [2022-11-09T15:49:05.711Z] [hosting][upload queue][FINAL] {"max":7924,"min":2908,"avg":4798.666666666667,"active":0,"complete":6,"success":6,"errored":0,"retried":0,"total":6,"elapsed":7925}
[info] +  hosting[yummy-kitchen-5875e]: file upload complete 
[debug] [2022-11-09T15:49:05.713Z] [hosting] deploy completed after 9675ms
[debug] [2022-11-09T15:49:05.718Z] [
  {
    "config": {
      "public": "build",
      "ignore": [
        "firebase.json",
        "**/.*",
        "**/node_modules/**"
      ],
      "rewrites": [
        {
          "source": "**",
          "destination": "/index.html"
        }
      ],
      "site": "yummy-kitchen-5875e"
    },
    "version": "projects/739127209657/sites/yummy-kitchen-5875e/versions/d0e528a646fee221"
  }
]
[info] i  hosting[yummy-kitchen-5875e]: finalizing version... 
[debug] [2022-11-09T15:49:05.723Z] >>> [apiv2][query] PATCH https://firebasehosting.googleapis.com/v1beta1/projects/-/sites/yummy-kitchen-5875e/versions/d0e528a646fee221 updateMask=status%2Cconfig
[debug] [2022-11-09T15:49:05.723Z] >>> [apiv2][body] PATCH https://firebasehosting.googleapis.com/v1beta1/projects/-/sites/yummy-kitchen-5875e/versions/d0e528a646fee221 {"status":"FINALIZED","config":{"rewrites":[{"glob":"**","path":"/index.html"}]}}
[debug] [2022-11-09T15:49:06.920Z] <<< [apiv2][status] PATCH https://firebasehosting.googleapis.com/v1beta1/projects/-/sites/yummy-kitchen-5875e/versions/d0e528a646fee221 200
[debug] [2022-11-09T15:49:06.920Z] <<< [apiv2][body] PATCH https://firebasehosting.googleapis.com/v1beta1/projects/-/sites/yummy-kitchen-5875e/versions/d0e528a646fee221 {"name":"projects/739127209657/sites/yummy-kitchen-5875e/versions/d0e528a646fee221","status":"FINALIZED","config":{"rewrites":[{"glob":"**","path":"/index.html"}]},"labels":{"deployment-tool":"cli-firebase"},"createTime":"2022-11-09T15:48:56.081382Z","createUser":{"email":"mdismail645221@gmail.com"},"finalizeTime":"2022-11-09T15:49:08.098734Z","finalizeUser":{"email":"mdismail645221@gmail.com"}}
[debug] [2022-11-09T15:49:06.920Z] [hosting] finalized version for yummy-kitchen-5875e:[object Object]
[info] +  hosting[yummy-kitchen-5875e]: version finalized 
[info] i  hosting[yummy-kitchen-5875e]: releasing new version... 
[debug] [2022-11-09T15:49:06.925Z] >>> [apiv2][query] POST https://firebasehosting.googleapis.com/v1beta1/projects/-/sites/yummy-kitchen-5875e/channels/live/releases versionName=projects%2F739127209657%2Fsites%2Fyummy-kitchen-5875e%2Fversions%2Fd0e528a646fee221
[debug] [2022-11-09T15:49:06.925Z] >>> [apiv2][body] POST https://firebasehosting.googleapis.com/v1beta1/projects/-/sites/yummy-kitchen-5875e/channels/live/releases {}
[debug] [2022-11-09T15:49:08.155Z] <<< [apiv2][status] POST https://firebasehosting.googleapis.com/v1beta1/projects/-/sites/yummy-kitchen-5875e/channels/live/releases 200
[debug] [2022-11-09T15:49:08.155Z] <<< [apiv2][body] POST https://firebasehosting.googleapis.com/v1beta1/projects/-/sites/yummy-kitchen-5875e/channels/live/releases {"name":"projects/739127209657/sites/yummy-kitchen-5875e/channels/live/releases/1668008948736402","version":{"name":"projects/739127209657/sites/yummy-kitchen-5875e/versions/d0e528a646fee221","status":"FINALIZED","config":{"rewrites":[{"glob":"**","path":"/index.html"}]},"labels":{"deployment-tool":"cli-firebase"},"createTime":"2022-11-09T15:48:56.081382Z","createUser":{"email":"mdismail645221@gmail.com","imageUrl":"https://lh3.googleusercontent.com/a/ALm5wu0MakOIA8NjkgWl65gS7z0TaBFQdVl1I562GS9S6A"},"finalizeTime":"2022-11-09T15:49:08.098734Z","finalizeUser":{"email":"mdismail645221@gmail.com","imageUrl":"https://lh3.googleusercontent.com/a/ALm5wu0MakOIA8NjkgWl65gS7z0TaBFQdVl1I562GS9S6A"}},"type":"DEPLOY","releaseTime":"2022-11-09T15:49:08.736402710Z","releaseUser":{"email":"mdismail645221@gmail.com","imageUrl":"https://lh3.googleusercontent.com/a/ALm5wu0MakOIA8NjkgWl65gS7z0TaBFQdVl1I562GS9S6A"}}
[debug] [2022-11-09T15:49:08.155Z] [hosting] release: {"name":"projects/739127209657/sites/yummy-kitchen-5875e/channels/live/releases/1668008948736402","version":{"name":"projects/739127209657/sites/yummy-kitchen-5875e/versions/d0e528a646fee221","status":"FINALIZED","config":{"rewrites":[{"glob":"**","path":"/index.html"}]},"labels":{"deployment-tool":"cli-firebase"},"createTime":"2022-11-09T15:48:56.081382Z","createUser":{"email":"mdismail645221@gmail.com","imageUrl":"https://lh3.googleusercontent.com/a/ALm5wu0MakOIA8NjkgWl65gS7z0TaBFQdVl1I562GS9S6A"},"finalizeTime":"2022-11-09T15:49:08.098734Z","finalizeUser":{"email":"mdismail645221@gmail.com","imageUrl":"https://lh3.googleusercontent.com/a/ALm5wu0MakOIA8NjkgWl65gS7z0TaBFQdVl1I562GS9S6A"}},"type":"DEPLOY","releaseTime":"2022-11-09T15:49:08.736402710Z","releaseUser":{"email":"mdismail645221@gmail.com","imageUrl":"https://lh3.googleusercontent.com/a/ALm5wu0MakOIA8NjkgWl65gS7z0TaBFQdVl1I562GS9S6A"}}
[info] +  hosting[yummy-kitchen-5875e]: release complete 
[info] 
[info] +  Deploy complete! 
[info] 
[info] Project Console: https://console.firebase.google.com/project/yummy-kitchen-5875e/overview
[info] Hosting URL: https://yummy-kitchen-5875e.web.app
[debug] [2022-11-09T15:49:20.233Z] Error: Timed out.
    at Timeout._onTimeout (C:\Users\Newron School\AppData\Roaming\npm\node_modules\firebase-tools\lib\utils.js:253:49)
    at listOnTimeout (node:internal/timers:559:17)
    at processTimers (node:internal/timers:502:7)
[error] 
[error] Error: An unexpected error has occurred.
